<?xml version="1.0" encoding="UTF-8"?>
<!-- Generated by org.testng.reporters.JUnitXMLReporter -->
<testsuite ignored="0" hostname="Abhays-MacBook-Pro.local" failures="1" tests="6" name="Default test" time="5.911" errors="0" timestamp="2020-08-03T00:34:25 IST">
  <testcase classname="apitestcases.TypicodeTestCases" name="test_fetchAllUsers_get" time="0.0">
    <failure type="org.testng.TestNGException" message="
Parameter &amp;apos;excelPath&amp;apos; is required by @Test on method test_fetchAllUsers_get but has not been marked @Optional or defined
in /private/var/folders/fk/3y4lcp991hd19sh9kcdtxtq40000gn/T/testng-eclipse--164148314/testng-customsuite.xml">
      <![CDATA[org.testng.TestNGException: 
Parameter 'excelPath' is required by @Test on method test_fetchAllUsers_get but has not been marked @Optional or defined
in /private/var/folders/fk/3y4lcp991hd19sh9kcdtxtq40000gn/T/testng-eclipse--164148314/testng-customsuite.xml
at org.testng.internal.Parameters.createParams(Parameters.java:272)
at org.testng.internal.Parameters.createParametersForMethod(Parameters.java:360)
at org.testng.internal.Parameters.createParameters(Parameters.java:704)
at org.testng.internal.Parameters.handleParameters(Parameters.java:879)
at org.testng.internal.Parameters.handleParameters(Parameters.java:744)
at org.testng.internal.ParameterHandler.handleParameters(ParameterHandler.java:59)
at org.testng.internal.ParameterHandler.createParameters(ParameterHandler.java:38)
at org.testng.internal.TestInvoker$MethodInvocationAgent.invoke(TestInvoker.java:783)
at org.testng.internal.TestInvoker.invokeTestMethods(TestInvoker.java:146)
at org.testng.internal.TestMethodWorker.invokeTestMethods(TestMethodWorker.java:146)
at org.testng.internal.TestMethodWorker.run(TestMethodWorker.java:128)
at java.base/java.util.ArrayList.forEach(ArrayList.java:1507)
at org.testng.TestRunner.privateRun(TestRunner.java:766)
at org.testng.TestRunner.run(TestRunner.java:587)
at org.testng.SuiteRunner.runTest(SuiteRunner.java:384)
at org.testng.SuiteRunner.runSequentially(SuiteRunner.java:378)
at org.testng.SuiteRunner.privateRun(SuiteRunner.java:337)
at org.testng.SuiteRunner.run(SuiteRunner.java:286)
at org.testng.SuiteRunnerWorker.runSuite(SuiteRunnerWorker.java:53)
at org.testng.SuiteRunnerWorker.run(SuiteRunnerWorker.java:96)
at org.testng.TestNG.runSuitesSequentially(TestNG.java:1187)
at org.testng.TestNG.runSuitesLocally(TestNG.java:1109)
at org.testng.TestNG.runSuites(TestNG.java:1039)
at org.testng.TestNG.run(TestNG.java:1007)
at org.testng.remote.AbstractRemoteTestNG.run(AbstractRemoteTestNG.java:115)
at org.testng.remote.RemoteTestNG.initAndRun(RemoteTestNG.java:251)
at org.testng.remote.RemoteTestNG.main(RemoteTestNG.java:77)
]]>
    </failure>
  </testcase> <!-- test_fetchAllUsers_get -->
  <testcase classname="apitestcases.TypicodeTestCases" name="test_updatePost_put" time="2.319"/>
  <testcase classname="apitestcases.TypicodeTestCases" name="test_verifyAllPost_get" time="1.951"/>
  <testcase classname="apitestcases.TypicodeTestCases" name="test_verifyChelsey_get" time="0.453"/>
  <testcase classname="apitestcases.TypicodeTestCases" name="test_verifyEmailOnPost_get" time="0.756"/>
  <testcase classname="apitestcases.TypicodeTestCases" name="test_verifyPostTitle_get" time="0.388"/>
</testsuite> <!-- Default test -->
